<?xml version="1.0" encoding="UTF-8"?>
<!-- Generated by org.testng.reporters.JUnitXMLReporter -->
<testsuite hostname="personallaptop" name="Default test" tests="4" failures="0" timestamp="6 Nov 2017 14:58:17 GMT" time="48.298" errors="0">
  <testcase name="testSearchFunction" time="10.482" classname="page.tests.TestHomepage"/>
  <testcase name="testAboutNomisLink" time="7.728" classname="page.tests.TestHomepage"/>
  <testcase name="testRequestDemo" time="6.306" classname="page.tests.TestHomepage"/>
  <testcase name="testVideo" time="5.202" classname="page.tests.TestHomepage"/>
</testsuite> <!-- Default test -->
