<?xml version="1.0" encoding="UTF-8"?>
<!-- Generated by org.testng.reporters.JUnitXMLReporter -->
<testsuite hostname="personallaptop" name="Default test" tests="3" failures="0" timestamp="3 Nov 2017 21:17:40 GMT" time="41.554" errors="0">
  <testcase name="testSearchFunction" time="6.674" classname="page.tests.TestHomepage"/>
  <testcase name="testAboutNomisLink" time="7.234" classname="page.tests.TestHomepage"/>
  <testcase name="testRequestDemo" time="7.591" classname="page.tests.TestHomepage"/>
</testsuite> <!-- Default test -->
