<?xml version="1.0" encoding="UTF-8"?>
<testng-results skipped="0" failed="0" total="4" passed="4">
  <reporter-output>
  </reporter-output>
  <suite name="Default suite" duration-ms="48298" started-at="2017-11-06T14:57:29Z" finished-at="2017-11-06T14:58:17Z">
    <groups>
    </groups>
    <test name="Default test" duration-ms="48298" started-at="2017-11-06T14:57:29Z" finished-at="2017-11-06T14:58:17Z">
      <class name="page.tests.TestHomepage">
        <test-method status="PASS" signature="setUp()[pri:0, instance:page.tests.TestHomepage@2b98378d]" name="setUp" is-config="true" duration-ms="16755" started-at="2017-11-06T06:57:29Z" finished-at="2017-11-06T06:57:46Z">
          <reporter-output>
          </reporter-output>
        </test-method> <!-- setUp -->
        <test-method status="PASS" signature="testSearchFunction()[pri:0, instance:page.tests.TestHomepage@2b98378d]" name="testSearchFunction" duration-ms="10482" started-at="2017-11-06T06:57:46Z" finished-at="2017-11-06T06:57:56Z">
          <reporter-output>
          </reporter-output>
        </test-method> <!-- testSearchFunction -->
        <test-method status="PASS" signature="result(org.testng.ITestResult)[pri:0, instance:page.tests.TestHomepage@2b98378d]" name="result" is-config="true" duration-ms="1" started-at="2017-11-06T06:57:56Z" finished-at="2017-11-06T06:57:56Z">
          <params>
            <param index="0">
              <value>
                <![CDATA[[TestResult name=testSearchFunction status=SUCCESS method=TestHomepage.testSearchFunction()[pri:0, instance:page.tests.TestHomepage@2b98378d] output={null}]]]>
              </value>
            </param>
          </params>
          <reporter-output>
          </reporter-output>
        </test-method> <!-- result -->
        <test-method status="PASS" signature="testAboutNomisLink()[pri:1, instance:page.tests.TestHomepage@2b98378d]" name="testAboutNomisLink" duration-ms="7728" started-at="2017-11-06T06:57:56Z" finished-at="2017-11-06T06:58:04Z">
          <reporter-output>
          </reporter-output>
        </test-method> <!-- testAboutNomisLink -->
        <test-method status="PASS" signature="result(org.testng.ITestResult)[pri:0, instance:page.tests.TestHomepage@2b98378d]" name="result" is-config="true" duration-ms="0" started-at="2017-11-06T06:58:04Z" finished-at="2017-11-06T06:58:04Z">
          <params>
            <param index="0">
              <value>
                <![CDATA[[TestResult name=testAboutNomisLink status=SUCCESS method=TestHomepage.testAboutNomisLink()[pri:1, instance:page.tests.TestHomepage@2b98378d] output={null}]]]>
              </value>
            </param>
          </params>
          <reporter-output>
          </reporter-output>
        </test-method> <!-- result -->
        <test-method status="PASS" signature="testRequestDemo()[pri:2, instance:page.tests.TestHomepage@2b98378d]" name="testRequestDemo" duration-ms="6306" started-at="2017-11-06T06:58:04Z" finished-at="2017-11-06T06:58:10Z">
          <reporter-output>
          </reporter-output>
        </test-method> <!-- testRequestDemo -->
        <test-method status="PASS" signature="result(org.testng.ITestResult)[pri:0, instance:page.tests.TestHomepage@2b98378d]" name="result" is-config="true" duration-ms="1" started-at="2017-11-06T06:58:10Z" finished-at="2017-11-06T06:58:10Z">
          <params>
            <param index="0">
              <value>
                <![CDATA[[TestResult name=testRequestDemo status=SUCCESS method=TestHomepage.testRequestDemo()[pri:2, instance:page.tests.TestHomepage@2b98378d] output={null}]]]>
              </value>
            </param>
          </params>
          <reporter-output>
          </reporter-output>
        </test-method> <!-- result -->
        <test-method status="PASS" signature="testVideo()[pri:3, instance:page.tests.TestHomepage@2b98378d]" name="testVideo" duration-ms="5202" started-at="2017-11-06T06:58:10Z" finished-at="2017-11-06T06:58:16Z">
          <reporter-output>
          </reporter-output>
        </test-method> <!-- testVideo -->
        <test-method status="PASS" signature="result(org.testng.ITestResult)[pri:0, instance:page.tests.TestHomepage@2b98378d]" name="result" is-config="true" duration-ms="0" started-at="2017-11-06T06:58:16Z" finished-at="2017-11-06T06:58:16Z">
          <params>
            <param index="0">
              <value>
                <![CDATA[[TestResult name=testVideo status=SUCCESS method=TestHomepage.testVideo()[pri:3, instance:page.tests.TestHomepage@2b98378d] output={null}]]]>
              </value>
            </param>
          </params>
          <reporter-output>
          </reporter-output>
        </test-method> <!-- result -->
        <test-method status="PASS" signature="tearDown()[pri:0, instance:page.tests.TestHomepage@2b98378d]" name="tearDown" is-config="true" duration-ms="1791" started-at="2017-11-06T06:58:16Z" finished-at="2017-11-06T06:58:17Z">
          <reporter-output>
          </reporter-output>
        </test-method> <!-- tearDown -->
      </class> <!-- page.tests.TestHomepage -->
    </test> <!-- Default test -->
  </suite> <!-- Default suite -->
</testng-results>
