<?xml version="1.0" encoding="UTF-8"?>
<testng-results skipped="0" failed="0" total="3" passed="3">
  <reporter-output>
  </reporter-output>
  <suite name="Default suite" duration-ms="55741" started-at="2017-11-05T09:35:42Z" finished-at="2017-11-05T09:36:38Z">
    <groups>
    </groups>
    <test name="Default test" duration-ms="55741" started-at="2017-11-05T09:35:42Z" finished-at="2017-11-05T09:36:38Z">
      <class name="page.tests.TestHomepage">
        <test-method status="PASS" signature="setUp()[pri:0, instance:page.tests.TestHomepage@2b98378d]" name="setUp" is-config="true" duration-ms="19467" started-at="2017-11-05T01:35:42Z" finished-at="2017-11-05T01:36:02Z">
          <reporter-output>
          </reporter-output>
        </test-method> <!-- setUp -->
        <test-method status="PASS" signature="testSearchFunction()[pri:0, instance:page.tests.TestHomepage@2b98378d]" name="testSearchFunction" duration-ms="16256" started-at="2017-11-05T01:36:02Z" finished-at="2017-11-05T01:36:18Z">
          <reporter-output>
          </reporter-output>
        </test-method> <!-- testSearchFunction -->
        <test-method status="PASS" signature="result(org.testng.ITestResult)[pri:0, instance:page.tests.TestHomepage@2b98378d]" name="result" is-config="true" duration-ms="1" started-at="2017-11-05T01:36:18Z" finished-at="2017-11-05T01:36:18Z">
          <params>
            <param index="0">
              <value>
                <![CDATA[[TestResult name=testSearchFunction status=SUCCESS method=TestHomepage.testSearchFunction()[pri:0, instance:page.tests.TestHomepage@2b98378d] output={null}]]]>
              </value>
            </param>
          </params>
          <reporter-output>
          </reporter-output>
        </test-method> <!-- result -->
        <test-method status="PASS" signature="testAboutNomisLink()[pri:1, instance:page.tests.TestHomepage@2b98378d]" name="testAboutNomisLink" duration-ms="7210" started-at="2017-11-05T01:36:18Z" finished-at="2017-11-05T01:36:25Z">
          <reporter-output>
          </reporter-output>
        </test-method> <!-- testAboutNomisLink -->
        <test-method status="PASS" signature="result(org.testng.ITestResult)[pri:0, instance:page.tests.TestHomepage@2b98378d]" name="result" is-config="true" duration-ms="0" started-at="2017-11-05T01:36:25Z" finished-at="2017-11-05T01:36:25Z">
          <params>
            <param index="0">
              <value>
                <![CDATA[[TestResult name=testAboutNomisLink status=SUCCESS method=TestHomepage.testAboutNomisLink()[pri:1, instance:page.tests.TestHomepage@2b98378d] output={null}]]]>
              </value>
            </param>
          </params>
          <reporter-output>
          </reporter-output>
        </test-method> <!-- result -->
        <test-method status="PASS" signature="testRequestDemo()[pri:2, instance:page.tests.TestHomepage@2b98378d]" name="testRequestDemo" duration-ms="11769" started-at="2017-11-05T01:36:25Z" finished-at="2017-11-05T01:36:37Z">
          <reporter-output>
          </reporter-output>
        </test-method> <!-- testRequestDemo -->
        <test-method status="PASS" signature="tearDown()[pri:0, instance:page.tests.TestHomepage@2b98378d]" name="tearDown" is-config="true" duration-ms="1013" started-at="2017-11-05T01:36:37Z" finished-at="2017-11-05T01:36:38Z">
          <reporter-output>
          </reporter-output>
        </test-method> <!-- tearDown -->
        <test-method status="PASS" signature="result(org.testng.ITestResult)[pri:0, instance:page.tests.TestHomepage@2b98378d]" name="result" is-config="true" duration-ms="0" started-at="2017-11-05T01:36:37Z" finished-at="2017-11-05T01:36:37Z">
          <params>
            <param index="0">
              <value>
                <![CDATA[[TestResult name=testRequestDemo status=SUCCESS method=TestHomepage.testRequestDemo()[pri:2, instance:page.tests.TestHomepage@2b98378d] output={null}]]]>
              </value>
            </param>
          </params>
          <reporter-output>
          </reporter-output>
        </test-method> <!-- result -->
      </class> <!-- page.tests.TestHomepage -->
    </test> <!-- Default test -->
  </suite> <!-- Default suite -->
</testng-results>
